-------------------------------------------------------------------------------
Test set: org.apache.commons.lang3.SystemUtilsTest
-------------------------------------------------------------------------------
Tests run: 11, Failures: 0, Errors: 1, Skipped: 0, Time elapsed: 0.001 sec <<< FAILURE!
testJavaAwtHeadless(org.apache.commons.lang3.SystemUtilsTest)  Time elapsed: 0 sec  <<< ERROR!
java.lang.NullPointerException: Cannot invoke "org.apache.commons.lang3.JavaVersion.atLeast(org.apache.commons.lang3.JavaVersion)" because "org.apache.commons.lang3.SystemUtils.JAVA_SPECIFICATION_VERSION_AS_ENUM" is null
	at org.apache.commons.lang3.SystemUtils.isJavaVersionAtLeast(SystemUtils.java:1388)
	at org.apache.commons.lang3.SystemUtilsTest.testJavaAwtHeadless(SystemUtilsTest.java:359)

