<?xml version="1.0" encoding="UTF-8" ?>
<testsuite tests="51" failures="0" name="org.apache.commons.lang3.ClassUtilsTest" time="0.021" errors="0" skipped="0">
  <properties>
[...]
</properties>
  <testcase classname="org.apache.commons.lang3.ClassUtilsTest" name="test_getShortClassName_Class" time="0.003"/>
  <testcase classname="org.apache.commons.lang3.ClassUtilsTest" name="test_isAssignable" time="0"/>
  <testcase classname="org.apache.commons.lang3.ClassUtilsTest" name="testShowJavaBug" time="0"/>
  <testcase classname="org.apache.commons.lang3.ClassUtilsTest" name="testToClass_object" time="0"/>
  <testcase classname="org.apache.commons.lang3.ClassUtilsTest" name="testGetClassByNormalNameArrays" time="0"/>
  <testcase classname="org.apache.commons.lang3.ClassUtilsTest" name="testGetInnerClass" time="0.002"/>
  <testcase classname="org.apache.commons.lang3.ClassUtilsTest" name="test_getAllSuperclasses_Class" time="0.003"/>
  <testcase classname="org.apache.commons.lang3.ClassUtilsTest" name="testPrimitiveToWrapper" time="0"/>
  <testcase classname="org.apache.commons.lang3.ClassUtilsTest" name="test_getPackageCanonicalName_Object" time="0.002"/>
  <testcase classname="org.apache.commons.lang3.ClassUtilsTest" name="test_isAssignable_Widening" time="0"/>
  <testcase classname="org.apache.commons.lang3.ClassUtilsTest" name="test_getPackageCanonicalName_String" time="0"/>
  <testcase classname="org.apache.commons.lang3.ClassUtilsTest" name="testGetClassWithArrayClasses" time="0"/>
  <testcase classname="org.apache.commons.lang3.ClassUtilsTest" name="test_getPackageCanonicalName_Class" time="0.001"/>
  <testcase classname="org.apache.commons.lang3.ClassUtilsTest" name="test_getShortClassName_Object" time="0.001"/>
  <testcase classname="org.apache.commons.lang3.ClassUtilsTest" name="test_getShortClassName_String" time="0"/>
  <testcase classname="org.apache.commons.lang3.ClassUtilsTest" name="testIsPrimitiveOrWrapper" time="0"/>
  <testcase classname="org.apache.commons.lang3.ClassUtilsTest" name="test_isAssignable_NoAutoboxing" time="0"/>
  <testcase classname="org.apache.commons.lang3.ClassUtilsTest" name="testWrapperToPrimitive" time="0"/>
  <testcase classname="org.apache.commons.lang3.ClassUtilsTest" name="testWrappersToPrimitives" time="0"/>
  <testcase classname="org.apache.commons.lang3.ClassUtilsTest" name="test_isAssignable_ClassArray_ClassArray_Autoboxing" time="0"/>
  <testcase classname="org.apache.commons.lang3.ClassUtilsTest" name="testGetClassWithArrayClasses2D" time="0"/>
  <testcase classname="org.apache.commons.lang3.ClassUtilsTest" name="test_getPackageName_Object" time="0"/>
  <testcase classname="org.apache.commons.lang3.ClassUtilsTest" name="test_getPackageName_String" time="0"/>
  <testcase classname="org.apache.commons.lang3.ClassUtilsTest" name="test_isAssignable_ClassArray_ClassArray_NoAutoboxing" time="0"/>
  <testcase classname="org.apache.commons.lang3.ClassUtilsTest" name="testWrapperToPrimitiveNull" time="0"/>
  <testcase classname="org.apache.commons.lang3.ClassUtilsTest" name="testGetClassByNormalNameArrays2D" time="0"/>
  <testcase classname="org.apache.commons.lang3.ClassUtilsTest" name="testIsPrimitiveWrapper" time="0"/>
  <testcase classname="org.apache.commons.lang3.ClassUtilsTest" name="testWithInterleavingWhitespace" time="0.001"/>
  <testcase classname="org.apache.commons.lang3.ClassUtilsTest" name="test_getPackageName_Class" time="0.001"/>
  <testcase classname="org.apache.commons.lang3.ClassUtilsTest" name="test_getShortCanonicalName_Object" time="0.001"/>
  <testcase classname="org.apache.commons.lang3.ClassUtilsTest" name="test_getShortCanonicalName_String" time="0.001"/>
  <testcase classname="org.apache.commons.lang3.ClassUtilsTest" name="test_getShortCanonicalName_Class" time="0.001"/>
  <testcase classname="org.apache.commons.lang3.ClassUtilsTest" name="test_isAssignable_DefaultUnboxing_Widening" time="0"/>
  <testcase classname="org.apache.commons.lang3.ClassUtilsTest" name="testGetClassRawPrimitives" time="0"/>
  <testcase classname="org.apache.commons.lang3.ClassUtilsTest" name="testGetClassInvalidArguments" time="0.001"/>
  <testcase classname="org.apache.commons.lang3.ClassUtilsTest" name="testPrimitivesToWrappers" time="0"/>
  <testcase classname="org.apache.commons.lang3.ClassUtilsTest" name="testGetClassClassNotFound" time="0"/>
  <testcase classname="org.apache.commons.lang3.ClassUtilsTest" name="test_getSimpleName_Class" time="0.002"/>
  <testcase classname="org.apache.commons.lang3.ClassUtilsTest" name="testWrappersToPrimitivesNull" time="0"/>
  <testcase classname="org.apache.commons.lang3.ClassUtilsTest" name="test_isInnerClass_Class" time="0"/>
  <testcase classname="org.apache.commons.lang3.ClassUtilsTest" name="test_isAssignable_ClassArray_ClassArray" time="0"/>
  <testcase classname="org.apache.commons.lang3.ClassUtilsTest" name="test_getSimpleName_Object" time="0"/>
  <testcase classname="org.apache.commons.lang3.ClassUtilsTest" name="test_isAssignable_Unboxing_Widening" time="0"/>
  <testcase classname="org.apache.commons.lang3.ClassUtilsTest" name="testWrappersToPrimitivesEmpty" time="0"/>
  <testcase classname="org.apache.commons.lang3.ClassUtilsTest" name="testWrapperToPrimitiveNoWrapper" time="0"/>
  <testcase classname="org.apache.commons.lang3.ClassUtilsTest" name="test_convertClassNamesToClasses_List" time="0"/>
  <testcase classname="org.apache.commons.lang3.ClassUtilsTest" name="test_isAssignable_Autoboxing" time="0"/>
  <testcase classname="org.apache.commons.lang3.ClassUtilsTest" name="test_convertClassesToClassNames_List" time="0.001"/>
  <testcase classname="org.apache.commons.lang3.ClassUtilsTest" name="testGetPublicMethod" time="0"/>
  <testcase classname="org.apache.commons.lang3.ClassUtilsTest" name="test_getAllInterfaces_Class" time="0"/>
  <testcase classname="org.apache.commons.lang3.ClassUtilsTest" name="testConstructor" time="0"/>
</testsuite>