<?xml version="1.0" encoding="UTF-8" ?>
<testsuite tests="3" failures="0" name="org.apache.commons.lang3.builder.ToStringStyleConcurrencyTest" time="1.017" errors="0" skipped="0">
  <properties>
[...]
</properties>
  <testcase classname="org.apache.commons.lang3.builder.ToStringStyleConcurrencyTest" name="testArrayList" time="0.34"/>
  <testcase classname="org.apache.commons.lang3.builder.ToStringStyleConcurrencyTest" name="testCopyOnWriteArrayList" time="0.305"/>
  <testcase classname="org.apache.commons.lang3.builder.ToStringStyleConcurrencyTest" name="testLinkedList" time="0.372"/>
</testsuite>