<?xml version="1.0" encoding="UTF-8" ?>
<testsuite tests="38" failures="2" name="org.apache.commons.lang3.time.DateUtilsTest" time="0.049" errors="0" skipped="0">
  <properties>
[...]
</properties>
  <testcase classname="org.apache.commons.lang3.time.DateUtilsTest" name="testParseDateWithLeniency" time="0.001"/>
  <testcase classname="org.apache.commons.lang3.time.DateUtilsTest" name="testAddMinutes" time="0"/>
  <testcase classname="org.apache.commons.lang3.time.DateUtilsTest" name="testMonthIterator" time="0.003"/>
  <testcase classname="org.apache.commons.lang3.time.DateUtilsTest" name="testRoundLang346" time="0"/>
  <testcase classname="org.apache.commons.lang3.time.DateUtilsTest" name="testLANG799_DE_OK" time="0.005"/>
  <testcase classname="org.apache.commons.lang3.time.DateUtilsTest" name="testLANG799_EN_OK" time="0"/>
  <testcase classname="org.apache.commons.lang3.time.DateUtilsTest" name="testSetMilliseconds" time="0"/>
  <testcase classname="org.apache.commons.lang3.time.DateUtilsTest" name="testTruncate" time="0.003"/>
  <testcase classname="org.apache.commons.lang3.time.DateUtilsTest" name="testIsSameLocalTime_Cal" time="0.001"/>
  <testcase classname="org.apache.commons.lang3.time.DateUtilsTest" name="testAddDays" time="0"/>
  <testcase classname="org.apache.commons.lang3.time.DateUtilsTest" name="testLANG799_EN_WITH_DE_LOCALE" time="0.002"/>
  <testcase classname="org.apache.commons.lang3.time.DateUtilsTest" name="testRound" time="0.006"/>
  <testcase classname="org.apache.commons.lang3.time.DateUtilsTest" name="testParseDate" time="0.001"/>
  <testcase classname="org.apache.commons.lang3.time.DateUtilsTest" name="testCeil" time="0.003"/>
  <testcase classname="org.apache.commons.lang3.time.DateUtilsTest" name="testAddSeconds" time="0"/>
  <testcase classname="org.apache.commons.lang3.time.DateUtilsTest" name="testLANG799_EN_FAIL" time="0.01">
    <failure message="Expected exception: java.text.ParseException" type="java.lang.AssertionError">java.lang.AssertionError: Expected exception: java.text.ParseException
	at org.junit.internal.runners.statements.ExpectException.evaluate(ExpectException.java:32)
	at org.junit.internal.runners.statements.RunBefores.evaluate(RunBefores.java:26)
	at org.junit.runners.ParentRunner.runLeaf(ParentRunner.java:271)
	at org.junit.runners.BlockJUnit4ClassRunner.runChild(BlockJUnit4ClassRunner.java:70)
	at org.junit.runners.BlockJUnit4ClassRunner.runChild(BlockJUnit4ClassRunner.java:50)
	at org.junit.runners.ParentRunner$3.run(ParentRunner.java:238)
	at org.junit.runners.ParentRunner$1.schedule(ParentRunner.java:63)
	at org.junit.runners.ParentRunner.runChildren(ParentRunner.java:236)
	at org.junit.runners.ParentRunner.access$000(ParentRunner.java:53)
	at org.junit.runners.ParentRunner$2.evaluate(ParentRunner.java:229)
	at org.junit.runners.ParentRunner.run(ParentRunner.java:309)
	at org.apache.maven.surefire.junit4.JUnit4Provider.execute(JUnit4Provider.java:264)
	at org.apache.maven.surefire.junit4.JUnit4Provider.executeTestSet(JUnit4Provider.java:153)
	at org.apache.maven.surefire.junit4.JUnit4Provider.invoke(JUnit4Provider.java:124)
	at java.base/jdk.internal.reflect.NativeMethodAccessorImpl.invoke0(Native Method)
	at java.base/jdk.internal.reflect.NativeMethodAccessorImpl.invoke(NativeMethodAccessorImpl.java:77)
	at java.base/jdk.internal.reflect.DelegatingMethodAccessorImpl.invoke(DelegatingMethodAccessorImpl.java:43)
	at java.base/java.lang.reflect.Method.invoke(Method.java:569)
	at org.apache.maven.surefire.util.ReflectionUtils.invokeMethodWithArray2(ReflectionUtils.java:208)
	at org.apache.maven.surefire.booter.ProviderFactory$ProviderProxy.invoke(ProviderFactory.java:158)
	at org.apache.maven.surefire.booter.ProviderFactory.invokeProvider(ProviderFactory.java:86)
	at org.apache.maven.surefire.booter.ForkedBooter.runSuitesInProcess(ForkedBooter.java:153)
	at org.apache.maven.surefire.booter.ForkedBooter.main(ForkedBooter.java:95)
</failure>
    <system-err>DEBUG parseDateWithLeniency: shortMonths=[Jan, Feb, Mar, Apr, May, Jun, Jul, Aug, Sep, Oct, Nov, Dec, ]
DEBUG parseDateWithLeniency: localeUsed=en pattern=EEE, dd MMM yyyy HH:mm:ss zzz input=Mi, 09 Apr 2008 23:55:38 GMT
DEBUG parseDateWithLeniency: shortWeekdays=[, Sun, Mon, Tue, Wed, Thu, Fri, Sat]
DEBUG parseDateWithLeniency: trying alt=&apos;Sun, 09 Apr 2008 23:55:38 GMT&apos; with pattern=&apos;EEE, dd MMM yyyy HH:mm:ss zzz&apos;
DEBUG parseDateWithLeniency: success alt=&apos;Sun, 09 Apr 2008 23:55:38 GMT&apos;
</system-err>
  </testcase>
  <testcase classname="org.apache.commons.lang3.time.DateUtilsTest" name="testSetMinutes" time="0.002"/>
  <testcase classname="org.apache.commons.lang3.time.DateUtilsTest" name="testToCalendar" time="0"/>
  <testcase classname="org.apache.commons.lang3.time.DateUtilsTest" name="testAddHours" time="0"/>
  <testcase classname="org.apache.commons.lang3.time.DateUtilsTest" name="testAddWeeks" time="0.001"/>
  <testcase classname="org.apache.commons.lang3.time.DateUtilsTest" name="testAddYears" time="0"/>
  <testcase classname="org.apache.commons.lang3.time.DateUtilsTest" name="testTruncateLang59" time="0.002"/>
  <testcase classname="org.apache.commons.lang3.time.DateUtilsTest" name="testIsSameInstant_Date" time="0"/>
  <testcase classname="org.apache.commons.lang3.time.DateUtilsTest" name="testLang530" time="0.003"/>
  <testcase classname="org.apache.commons.lang3.time.DateUtilsTest" name="testSetSeconds" time="0.001"/>
  <testcase classname="org.apache.commons.lang3.time.DateUtilsTest" name="testIsSameInstant_Cal" time="0"/>
  <testcase classname="org.apache.commons.lang3.time.DateUtilsTest" name="testAddMonths" time="0"/>
  <testcase classname="org.apache.commons.lang3.time.DateUtilsTest" name="testWeekIterator" time="0.001"/>
  <testcase classname="org.apache.commons.lang3.time.DateUtilsTest" name="testSetMonths" time="0"/>
  <testcase classname="org.apache.commons.lang3.time.DateUtilsTest" name="testSetDays" time="0"/>
  <testcase classname="org.apache.commons.lang3.time.DateUtilsTest" name="testIsSameDay_Date" time="0"/>
  <testcase classname="org.apache.commons.lang3.time.DateUtilsTest" name="testIsSameDay_Cal" time="0.001"/>
  <testcase classname="org.apache.commons.lang3.time.DateUtilsTest" name="testIteratorEx" time="0"/>
  <testcase classname="org.apache.commons.lang3.time.DateUtilsTest" name="testAddMilliseconds" time="0"/>
  <testcase classname="org.apache.commons.lang3.time.DateUtilsTest" name="testConstructor" time="0"/>
  <testcase classname="org.apache.commons.lang3.time.DateUtilsTest" name="testSetHours" time="0"/>
  <testcase classname="org.apache.commons.lang3.time.DateUtilsTest" name="testSetYears" time="0"/>
  <testcase classname="org.apache.commons.lang3.time.DateUtilsTest" name="testLANG799_DE_FAIL" time="0.003">
    <failure message="Expected exception: java.text.ParseException" type="java.lang.AssertionError">java.lang.AssertionError: Expected exception: java.text.ParseException
	at org.junit.internal.runners.statements.ExpectException.evaluate(ExpectException.java:32)
	at org.junit.internal.runners.statements.RunBefores.evaluate(RunBefores.java:26)
	at org.junit.runners.ParentRunner.runLeaf(ParentRunner.java:271)
	at org.junit.runners.BlockJUnit4ClassRunner.runChild(BlockJUnit4ClassRunner.java:70)
	at org.junit.runners.BlockJUnit4ClassRunner.runChild(BlockJUnit4ClassRunner.java:50)
	at org.junit.runners.ParentRunner$3.run(ParentRunner.java:238)
	at org.junit.runners.ParentRunner$1.schedule(ParentRunner.java:63)
	at org.junit.runners.ParentRunner.runChildren(ParentRunner.java:236)
	at org.junit.runners.ParentRunner.access$000(ParentRunner.java:53)
	at org.junit.runners.ParentRunner$2.evaluate(ParentRunner.java:229)
	at org.junit.runners.ParentRunner.run(ParentRunner.java:309)
	at org.apache.maven.surefire.junit4.JUnit4Provider.execute(JUnit4Provider.java:264)
	at org.apache.maven.surefire.junit4.JUnit4Provider.executeTestSet(JUnit4Provider.java:153)
	at org.apache.maven.surefire.junit4.JUnit4Provider.invoke(JUnit4Provider.java:124)
	at java.base/jdk.internal.reflect.NativeMethodAccessorImpl.invoke0(Native Method)
	at java.base/jdk.internal.reflect.NativeMethodAccessorImpl.invoke(NativeMethodAccessorImpl.java:77)
	at java.base/jdk.internal.reflect.DelegatingMethodAccessorImpl.invoke(DelegatingMethodAccessorImpl.java:43)
	at java.base/java.lang.reflect.Method.invoke(Method.java:569)
	at org.apache.maven.surefire.util.ReflectionUtils.invokeMethodWithArray2(ReflectionUtils.java:208)
	at org.apache.maven.surefire.booter.ProviderFactory$ProviderProxy.invoke(ProviderFactory.java:158)
	at org.apache.maven.surefire.booter.ProviderFactory.invokeProvider(ProviderFactory.java:86)
	at org.apache.maven.surefire.booter.ForkedBooter.runSuitesInProcess(ForkedBooter.java:153)
	at org.apache.maven.surefire.booter.ForkedBooter.main(ForkedBooter.java:95)
</failure>
    <system-err>DEBUG parseDateWithLeniency: shortMonths=[Jan., Feb., März, Apr., Mai, Juni, Juli, Aug., Sept., Okt., Nov., Dez., ]
DEBUG parseDateWithLeniency: localeUsed=de pattern=EEE, dd MMM yyyy HH:mm:ss zzz input=Wed, 09 Apr 2008 23:55:38 GMT
DEBUG parseDateWithLeniency: shortWeekdays=[, So., Mo., Di., Mi., Do., Fr., Sa.]
DEBUG parseDateWithLeniency: trying alt=&apos;So., 09 Apr 2008 23:55:38 GMT&apos; with pattern=&apos;EEE, dd MMM yyyy HH:mm:ss zzz&apos;
DEBUG parseDateWithLeniency: trying alt=&apos;So.., 09 Apr 2008 23:55:38 GMT&apos; with pattern=&apos;EEE, dd MMM yyyy HH:mm:ss zzz&apos;
DEBUG parseDateWithLeniency: trying alt=&apos;So, 09 Apr 2008 23:55:38 GMT&apos; with pattern=&apos;EEE, dd MMM yyyy HH:mm:ss zzz&apos;
DEBUG parseDateWithLeniency: trying alt=&apos;Mo., 09 Apr 2008 23:55:38 GMT&apos; with pattern=&apos;EEE, dd MMM yyyy HH:mm:ss zzz&apos;
DEBUG parseDateWithLeniency: trying alt=&apos;Mo.., 09 Apr 2008 23:55:38 GMT&apos; with pattern=&apos;EEE, dd MMM yyyy HH:mm:ss zzz&apos;
DEBUG parseDateWithLeniency: trying alt=&apos;Mo, 09 Apr 2008 23:55:38 GMT&apos; with pattern=&apos;EEE, dd MMM yyyy HH:mm:ss zzz&apos;
DEBUG parseDateWithLeniency: trying alt=&apos;Di., 09 Apr 2008 23:55:38 GMT&apos; with pattern=&apos;EEE, dd MMM yyyy HH:mm:ss zzz&apos;
DEBUG parseDateWithLeniency: trying alt=&apos;Di.., 09 Apr 2008 23:55:38 GMT&apos; with pattern=&apos;EEE, dd MMM yyyy HH:mm:ss zzz&apos;
DEBUG parseDateWithLeniency: trying alt=&apos;Di, 09 Apr 2008 23:55:38 GMT&apos; with pattern=&apos;EEE, dd MMM yyyy HH:mm:ss zzz&apos;
DEBUG parseDateWithLeniency: trying alt=&apos;Mi., 09 Apr 2008 23:55:38 GMT&apos; with pattern=&apos;EEE, dd MMM yyyy HH:mm:ss zzz&apos;
DEBUG parseDateWithLeniency: trying alt=&apos;Mi.., 09 Apr 2008 23:55:38 GMT&apos; with pattern=&apos;EEE, dd MMM yyyy HH:mm:ss zzz&apos;
DEBUG parseDateWithLeniency: trying alt=&apos;Mi, 09 Apr 2008 23:55:38 GMT&apos; with pattern=&apos;EEE, dd MMM yyyy HH:mm:ss zzz&apos;
DEBUG parseDateWithLeniency: trying alt=&apos;Do., 09 Apr 2008 23:55:38 GMT&apos; with pattern=&apos;EEE, dd MMM yyyy HH:mm:ss zzz&apos;
DEBUG parseDateWithLeniency: trying alt=&apos;Do.., 09 Apr 2008 23:55:38 GMT&apos; with pattern=&apos;EEE, dd MMM yyyy HH:mm:ss zzz&apos;
DEBUG parseDateWithLeniency: trying alt=&apos;Do, 09 Apr 2008 23:55:38 GMT&apos; with pattern=&apos;EEE, dd MMM yyyy HH:mm:ss zzz&apos;
DEBUG parseDateWithLeniency: trying alt=&apos;Fr., 09 Apr 2008 23:55:38 GMT&apos; with pattern=&apos;EEE, dd MMM yyyy HH:mm:ss zzz&apos;
DEBUG parseDateWithLeniency: trying alt=&apos;Fr.., 09 Apr 2008 23:55:38 GMT&apos; with pattern=&apos;EEE, dd MMM yyyy HH:mm:ss zzz&apos;
DEBUG parseDateWithLeniency: trying alt=&apos;Fr, 09 Apr 2008 23:55:38 GMT&apos; with pattern=&apos;EEE, dd MMM yyyy HH:mm:ss zzz&apos;
DEBUG parseDateWithLeniency: trying alt=&apos;Sa., 09 Apr 2008 23:55:38 GMT&apos; with pattern=&apos;EEE, dd MMM yyyy HH:mm:ss zzz&apos;
DEBUG parseDateWithLeniency: trying alt=&apos;Sa.., 09 Apr 2008 23:55:38 GMT&apos; with pattern=&apos;EEE, dd MMM yyyy HH:mm:ss zzz&apos;
DEBUG parseDateWithLeniency: trying alt=&apos;Sa, 09 Apr 2008 23:55:38 GMT&apos; with pattern=&apos;EEE, dd MMM yyyy HH:mm:ss zzz&apos;
DEBUG parseDateWithLeniency: trying month-normalized alt=&apos;Wed, 09 Apr 2008 23:55:38 GMT&apos; pattern=&apos;EEE, dd MMM yyyy HH:mm:ss zzz&apos;
DEBUG parseDateWithLeniency: trying month-normalized alt=&apos;Wed, 09 Apr 2008 23:55:38 GMT&apos; pattern=&apos;EEE, dd MMM yyyy HH:mm:ss zzz&apos;
DEBUG parseDateWithLeniency: trying month-normalized alt=&apos;Wed, 09 Apr 2008 23:55:38 GMT&apos; pattern=&apos;EEE, dd MMM yyyy HH:mm:ss zzz&apos;
DEBUG parseDateWithLeniency: trying month-normalized altAdd=&apos;Wed, 09 Apr. 2008 23:55:38 GMT&apos; pattern=&apos;EEE, dd MMM yyyy HH:mm:ss zzz&apos;
DEBUG parseDateWithLeniency: trying month-normalized alt=&apos;Wed, 09 Apr 2008 23:55:38 GMT&apos; pattern=&apos;EEE, dd MMM yyyy HH:mm:ss zzz&apos;
DEBUG parseDateWithLeniency: trying month-normalized alt=&apos;Wed, 09 Apr 2008 23:55:38 GMT&apos; pattern=&apos;EEE, dd MMM yyyy HH:mm:ss zzz&apos;
DEBUG parseDateWithLeniency: trying month-normalized alt=&apos;Wed, 09 Apr 2008 23:55:38 GMT&apos; pattern=&apos;EEE, dd MMM yyyy HH:mm:ss zzz&apos;
DEBUG parseDateWithLeniency: trying month-normalized alt=&apos;Wed, 09 Apr 2008 23:55:38 GMT&apos; pattern=&apos;EEE, dd MMM yyyy HH:mm:ss zzz&apos;
DEBUG parseDateWithLeniency: trying month-normalized alt=&apos;Wed, 09 Apr 2008 23:55:38 GMT&apos; pattern=&apos;EEE, dd MMM yyyy HH:mm:ss zzz&apos;
DEBUG parseDateWithLeniency: trying without weekday: rest=&apos;09 Apr 2008 23:55:38 GMT&apos; pattern=&apos;dd MMM yyyy HH:mm:ss zzz&apos;
DEBUG parseDateWithLeniency: success without weekday using English parser rest=&apos;09 Apr 2008 23:55:38 GMT&apos;
</system-err>
  </testcase>
</testsuite>