<?xml version="1.0" encoding="UTF-8" ?>
<testsuite tests="54" failures="0" name="org.apache.commons.lang3.ValidateTest" time="0.001" errors="0" skipped="0">
  <properties>
[...]
</properties>
  <testcase classname="org.apache.commons.lang3.ValidateTest" name="testNotBlankNotBlankStringWithNewlinesShouldNotThrow" time="0"/>
  <testcase classname="org.apache.commons.lang3.ValidateTest" name="testNotNull1" time="0"/>
  <testcase classname="org.apache.commons.lang3.ValidateTest" name="testNotNull2" time="0"/>
  <testcase classname="org.apache.commons.lang3.ValidateTest" name="testNotBlankNullStringShouldThrow" time="0"/>
  <testcase classname="org.apache.commons.lang3.ValidateTest" name="testNotBlankMsgEmptyStringShouldThrow" time="0"/>
  <testcase classname="org.apache.commons.lang3.ValidateTest" name="testIsAssignableExceptionMessage" time="0"/>
  <testcase classname="org.apache.commons.lang3.ValidateTest" name="testValidIndex_array" time="0"/>
  <testcase classname="org.apache.commons.lang3.ValidateTest" name="testNotBlankMsgBlankStringShouldThrow" time="0"/>
  <testcase classname="org.apache.commons.lang3.ValidateTest" name="testValidIndex_charSequence" time="0"/>
  <testcase classname="org.apache.commons.lang3.ValidateTest" name="testValidIndex_withMessage_collection" time="0"/>
  <testcase classname="org.apache.commons.lang3.ValidateTest" name="testNotBlankReturnValues1" time="0"/>
  <testcase classname="org.apache.commons.lang3.ValidateTest" name="testNotBlankReturnValues2" time="0"/>
  <testcase classname="org.apache.commons.lang3.ValidateTest" name="testInclusiveBetween_withMessage" time="0"/>
  <testcase classname="org.apache.commons.lang3.ValidateTest" name="testMatchesPattern" time="0"/>
  <testcase classname="org.apache.commons.lang3.ValidateTest" name="testNotEmptyMap1" time="0"/>
  <testcase classname="org.apache.commons.lang3.ValidateTest" name="testNotEmptyMap2" time="0"/>
  <testcase classname="org.apache.commons.lang3.ValidateTest" name="testIsInstanceOf" time="0"/>
  <testcase classname="org.apache.commons.lang3.ValidateTest" name="testValidIndex_withMessage_charSequence" time="0"/>
  <testcase classname="org.apache.commons.lang3.ValidateTest" name="testNotBlankBlankStringWithNewlinesShouldThrow" time="0"/>
  <testcase classname="org.apache.commons.lang3.ValidateTest" name="testNotBlankMsgNotBlankStringWithWhitespacesShouldNotThrow" time="0"/>
  <testcase classname="org.apache.commons.lang3.ValidateTest" name="testNotBlankNotBlankStringShouldNotThrow" time="0"/>
  <testcase classname="org.apache.commons.lang3.ValidateTest" name="testIsAssignable" time="0"/>
  <testcase classname="org.apache.commons.lang3.ValidateTest" name="testNotBlankMsgNotBlankStringShouldNotThrow" time="0"/>
  <testcase classname="org.apache.commons.lang3.ValidateTest" name="testValidIndex_withMessage_array" time="0"/>
  <testcase classname="org.apache.commons.lang3.ValidateTest" name="testNoNullElementsCollection1" time="0"/>
  <testcase classname="org.apache.commons.lang3.ValidateTest" name="testNoNullElementsCollection2" time="0"/>
  <testcase classname="org.apache.commons.lang3.ValidateTest" name="testExclusiveBetween" time="0"/>
  <testcase classname="org.apache.commons.lang3.ValidateTest" name="testInclusiveBetween" time="0"/>
  <testcase classname="org.apache.commons.lang3.ValidateTest" name="testNotBlankEmptyStringShouldThrow" time="0"/>
  <testcase classname="org.apache.commons.lang3.ValidateTest" name="testNotBlankMsgNullStringShouldThrow" time="0"/>
  <testcase classname="org.apache.commons.lang3.ValidateTest" name="testNotBlankMsgNotBlankStringWithNewlinesShouldNotThrow" time="0"/>
  <testcase classname="org.apache.commons.lang3.ValidateTest" name="testIsAssignable_withMessage" time="0"/>
  <testcase classname="org.apache.commons.lang3.ValidateTest" name="testNotEmptyString1" time="0"/>
  <testcase classname="org.apache.commons.lang3.ValidateTest" name="testNotEmptyString2" time="0"/>
  <testcase classname="org.apache.commons.lang3.ValidateTest" name="testNotEmptyCollection1" time="0"/>
  <testcase classname="org.apache.commons.lang3.ValidateTest" name="testNotEmptyCollection2" time="0"/>
  <testcase classname="org.apache.commons.lang3.ValidateTest" name="testNotBlankMsgBlankStringWithWhitespacesShouldThrow" time="0"/>
  <testcase classname="org.apache.commons.lang3.ValidateTest" name="testNotEmptyArray1" time="0"/>
  <testcase classname="org.apache.commons.lang3.ValidateTest" name="testNotEmptyArray2" time="0"/>
  <testcase classname="org.apache.commons.lang3.ValidateTest" name="testValidIndex_collection" time="0"/>
  <testcase classname="org.apache.commons.lang3.ValidateTest" name="testMatchesPattern_withMessage" time="0"/>
  <testcase classname="org.apache.commons.lang3.ValidateTest" name="testNotBlankNotBlankStringWithWhitespacesShouldNotThrow" time="0"/>
  <testcase classname="org.apache.commons.lang3.ValidateTest" name="testIsInstanceOfExceptionMessage" time="0"/>
  <testcase classname="org.apache.commons.lang3.ValidateTest" name="testIsTrue1" time="0"/>
  <testcase classname="org.apache.commons.lang3.ValidateTest" name="testIsTrue2" time="0"/>
  <testcase classname="org.apache.commons.lang3.ValidateTest" name="testIsTrue3" time="0"/>
  <testcase classname="org.apache.commons.lang3.ValidateTest" name="testIsTrue4" time="0"/>
  <testcase classname="org.apache.commons.lang3.ValidateTest" name="testIsTrue5" time="0"/>
  <testcase classname="org.apache.commons.lang3.ValidateTest" name="testExclusiveBetween_withMessage" time="0"/>
  <testcase classname="org.apache.commons.lang3.ValidateTest" name="testNotBlankBlankStringWithWhitespacesShouldThrow" time="0"/>
  <testcase classname="org.apache.commons.lang3.ValidateTest" name="testConstructor" time="0"/>
  <testcase classname="org.apache.commons.lang3.ValidateTest" name="testIsInstanceOf_withMessage" time="0"/>
  <testcase classname="org.apache.commons.lang3.ValidateTest" name="testNoNullElementsArray1" time="0.001"/>
  <testcase classname="org.apache.commons.lang3.ValidateTest" name="testNoNullElementsArray2" time="0"/>
</testsuite>